#
# There is insufficient memory for the Java Runtime Environment to continue.
# Native memory allocation (malloc) failed to allocate 785856 bytes for Chunk::new
# Possible reasons:
#   The system is out of physical RAM or swap space
#   In 32 bit mode, the process size limit was hit
# Possible solutions:
#   Reduce memory load on the system
#   Increase physical memory or swap space
#   Check if swap backing store is full
#   Use 64 bit Java on a 64 bit OS
#   Decrease Java heap size (-Xmx/-Xms)
#   Decrease number of Java threads
#   Decrease Java thread stack sizes (-Xss)
#   Set larger code cache with -XX:ReservedCodeCacheSize=
# This output file may be truncated or incomplete.
#
#  Out of Memory Error (allocation.cpp:390), pid=22028, tid=0x0000000000004864
#
# JRE version: Java(TM) SE Runtime Environment (8.0_141-b15) (build 1.8.0_141-b15)
# Java VM: Java HotSpot(TM) 64-Bit Server VM (25.141-b15 mixed mode windows-amd64 compressed oops)
# Failed to write core dump. Minidumps are not enabled by default on client versions of Windows
#

---------------  T H R E A D  ---------------

Current thread (0x000000001b238000):  JavaThread "C2 CompilerThread0" daemon [_thread_in_native, id=18532, stack(0x000000001b900000,0x000000001ba00000)]

Stack: [0x000000001b900000,0x000000001ba00000]
[error occurred during error reporting (printing stack bounds), id 0xc0000005]

Native frames: (J=compiled Java code, j=interpreted, Vv=VM code, C=native code)


Current CompileTask:
C2:  11288 4292       4       com.sun.tools.javac.file.JavacFileManager::listArchive (131 bytes)


---------------  P R O C E S S  ---------------

Java Threads: ( => current thread )
  0x000000001b2d1000 JavaThread "Service Thread" daemon [_thread_blocked, id=13288, stack(0x000000001bc00000,0x000000001bd00000)]
  0x000000001b247000 JavaThread "C1 CompilerThread2" daemon [_thread_blocked, id=19388, stack(0x000000001bb00000,0x000000001bc00000)]
  0x000000001b23b800 JavaThread "C2 CompilerThread1" daemon [_thread_in_native, id=22328, stack(0x000000001ba00000,0x000000001bb00000)]
=>0x000000001b238000 JavaThread "C2 CompilerThread0" daemon [_thread_in_native, id=18532, stack(0x000000001b900000,0x000000001ba00000)]
  0x000000001b21f800 JavaThread "Monitor Ctrl-Break" daemon [_thread_in_native, id=14888, stack(0x000000001b800000,0x000000001b900000)]
  0x0000000019eab800 JavaThread "Attach Listener" daemon [_thread_blocked, id=1992, stack(0x000000001b700000,0x000000001b800000)]
  0x000000001b208800 JavaThread "Signal Dispatcher" daemon [_thread_blocked, id=18980, stack(0x000000001b600000,0x000000001b700000)]
  0x0000000002e5e000 JavaThread "Finalizer" daemon [_thread_blocked, id=8040, stack(0x000000001b0a0000,0x000000001b1a0000)]
  0x0000000002e53800 JavaThread "Reference Handler" daemon [_thread_blocked, id=5868, stack(0x000000001afa0000,0x000000001b0a0000)]
  0x000000000274e000 JavaThread "main" [_thread_in_Java, id=14892, stack(0x0000000002750000,0x0000000002850000)]

Other Threads:
  0x0000000019e17800 VMThread [stack: 0x000000001aea0000,0x000000001afa0000] [id=14684]
  0x000000001b300000 WatcherThread [stack: 0x000000001bd00000,0x000000001be00000] [id=20708]

VM state:not at safepoint (normal execution)

VM Mutex/Monitor currently owned by a thread: None

Heap:
 PSYoungGen      total 105984K, used 29740K [0x0000000780e00000, 0x000000078bb00000, 0x00000007c0000000)
  eden space 98304K, 22% used [0x0000000780e00000,0x0000000782390a10,0x0000000786e00000)
  from space 7680K, 99% used [0x0000000786e00000,0x000000078757a8a0,0x0000000787580000)
  to   space 21504K, 0% used [0x000000078a600000,0x000000078a600000,0x000000078bb00000)
 ParOldGen       total 116736K, used 41408K [0x0000000702a00000, 0x0000000709c00000, 0x0000000780e00000)
  object space 116736K, 35% used [0x0000000702a00000,0x0000000705270288,0x0000000709c00000)
 Metaspace       used 23495K, capacity 24074K, committed 24192K, reserved 1071104K
  class space    used 2765K, capacity 2887K, committed 2944K, reserved 1048576K

Card table byte_map: [0x0000000012220000,0x0000000012810000] byte_map_base: 0x000000000ea0b000

Marking Bits: (ParMarkBitMap*) 0x00000000596ed850
 Begin Bits: [0x0000000013010000, 0x0000000015f68000)
 End Bits:   [0x0000000015f68000, 0x0000000018ec0000)

Polling page: 0x0000000002730000

CodeCache: size=245760Kb used=13594Kb max_used=13594Kb free=232165Kb
 bounds [0x0000000002e60000, 0x0000000003bc0000, 0x0000000011e60000]
 total_blobs=4276 nmethods=3879 adapters=309
 compilation: enabled

Compilation events (10 events):
Event: 11.241 Thread 0x000000001b247000 nmethod 4371 0x0000000003b9dbd0 code [0x0000000003b9dd40, 0x0000000003b9df50]
Event: 11.243 Thread 0x000000001b247000 4373       2       com.sun.tools.javac.code.Types::supertype (12 bytes)
Event: 11.244 Thread 0x000000001b247000 nmethod 4373 0x0000000003b9e050 code [0x0000000003b9e1c0, 0x0000000003b9e388]
Event: 11.244 Thread 0x000000001b247000 4374       2       com.sun.tools.javac.code.Types$18::visitClassType (10 bytes)
Event: 11.244 Thread 0x000000001b247000 nmethod 4374 0x0000000003b9e490 code [0x0000000003b9e600, 0x0000000003b9e7e8]
Event: 11.244 Thread 0x000000001b247000 4375       2       com.sun.tools.javac.code.Types$18::visitClassType (130 bytes)
Event: 11.245 Thread 0x000000001b247000 nmethod 4375 0x0000000003b9e8d0 code [0x0000000003b9eae0, 0x0000000003b9f118]
Event: 11.247 Thread 0x000000001b247000 4376       2       com.sun.tools.javac.code.Type::accept (9 bytes)
Event: 11.247 Thread 0x000000001b247000 nmethod 4376 0x0000000003b9f750 code [0x0000000003b9f8c0, 0x0000000003b9fa48]
Event: 11.247 Thread 0x000000001b247000 4377       2       com.sun.tools.javac.code.Attribute$Compound::<init> (16 bytes)

GC Heap History (10 events):
Event: 4.434 GC heap before
{Heap before GC invocations=4 (full 0):
 PSYoungGen      total 56832K, used 56808K [0x0000000780e00000, 0x0000000787d00000, 0x00000007c0000000)
  eden space 49152K, 100% used [0x0000000780e00000,0x0000000783e00000,0x0000000783e00000)
  from space 7680K, 99% used [0x0000000783e00000,0x000000078457a040,0x0000000784580000)
  to   space 7680K, 0% used [0x0000000787580000,0x0000000787580000,0x0000000787d00000)
 ParOldGen       total 130048K, used 6950K [0x0000000702a00000, 0x000000070a900000, 0x0000000780e00000)
  object space 130048K, 5% used [0x0000000702a00000,0x00000007030c9b38,0x000000070a900000)
 Metaspace       used 15937K, capacity 16270K, committed 16384K, reserved 1062912K
  class space    used 1896K, capacity 1977K, committed 2048K, reserved 1048576K
Event: 4.479 GC heap after
Heap after GC invocations=4 (full 0):
 PSYoungGen      total 105984K, used 7656K [0x0000000780e00000, 0x0000000787d00000, 0x00000007c0000000)
  eden space 98304K, 0% used [0x0000000780e00000,0x0000000780e00000,0x0000000786e00000)
  from space 7680K, 99% used [0x0000000787580000,0x0000000787cfa020,0x0000000787d00000)
  to   space 7680K, 0% used [0x0000000786e00000,0x0000000786e00000,0x0000000787580000)
 ParOldGen       total 130048K, used 11806K [0x0000000702a00000, 0x000000070a900000, 0x0000000780e00000)
  object space 130048K, 9% used [0x0000000702a00000,0x0000000703587ba8,0x000000070a900000)
 Metaspace       used 15937K, capacity 16270K, committed 16384K, reserved 1062912K
  class space    used 1896K, capacity 1977K, committed 2048K, reserved 1048576K
}
Event: 5.530 GC heap before
{Heap before GC invocations=5 (full 0):
 PSYoungGen      total 105984K, used 105960K [0x0000000780e00000, 0x0000000787d00000, 0x00000007c0000000)
  eden space 98304K, 100% used [0x0000000780e00000,0x0000000786e00000,0x0000000786e00000)
  from space 7680K, 99% used [0x0000000787580000,0x0000000787cfa020,0x0000000787d00000)
  to   space 7680K, 0% used [0x0000000786e00000,0x0000000786e00000,0x0000000787580000)
 ParOldGen       total 130048K, used 11806K [0x0000000702a00000, 0x000000070a900000, 0x0000000780e00000)
  object space 130048K, 9% used [0x0000000702a00000,0x0000000703587ba8,0x000000070a900000)
 Metaspace       used 16442K, capacity 16804K, committed 16896K, reserved 1064960K
  class space    used 1914K, capacity 2018K, committed 2048K, reserved 1048576K
Event: 5.569 GC heap after
Heap after GC invocations=5 (full 0):
 PSYoungGen      total 105984K, used 7672K [0x0000000780e00000, 0x0000000787d00000, 0x00000007c0000000)
  eden space 98304K, 0% used [0x0000000780e00000,0x0000000780e00000,0x0000000786e00000)
  from space 7680K, 99% used [0x0000000786e00000,0x000000078757e050,0x0000000787580000)
  to   space 7680K, 0% used [0x0000000787580000,0x0000000787580000,0x0000000787d00000)
 ParOldGen       total 130048K, used 20394K [0x0000000702a00000, 0x000000070a900000, 0x0000000780e00000)
  object space 130048K, 15% used [0x0000000702a00000,0x0000000703deaa18,0x000000070a900000)
 Metaspace       used 16442K, capacity 16804K, committed 16896K, reserved 1064960K
  class space    used 1914K, capacity 2018K, committed 2048K, reserved 1048576K
}
Event: 8.754 GC heap before
{Heap before GC invocations=6 (full 0):
 PSYoungGen      total 105984K, used 71819K [0x0000000780e00000, 0x0000000787d00000, 0x00000007c0000000)
  eden space 98304K, 65% used [0x0000000780e00000,0x0000000784ca4ec0,0x0000000786e00000)
  from space 7680K, 99% used [0x0000000786e00000,0x000000078757e050,0x0000000787580000)
  to   space 7680K, 0% used [0x0000000787580000,0x0000000787580000,0x0000000787d00000)
 ParOldGen       total 130048K, used 20394K [0x0000000702a00000, 0x000000070a900000, 0x0000000780e00000)
  object space 130048K, 15% used [0x0000000702a00000,0x0000000703deaa18,0x000000070a900000)
 Metaspace       used 20662K, capacity 21120K, committed 21296K, reserved 1069056K
  class space    used 2472K, capacity 2586K, committed 2688K, reserved 1048576K
Event: 8.799 GC heap after
Heap after GC invocations=6 (full 0):
 PSYoungGen      total 105984K, used 7656K [0x0000000780e00000, 0x0000000787d00000, 0x00000007c0000000)
  eden space 98304K, 0% used [0x0000000780e00000,0x0000000780e00000,0x0000000786e00000)
  from space 7680K, 99% used [0x0000000787580000,0x0000000787cfa020,0x0000000787d00000)
  to   space 7680K, 0% used [0x0000000786e00000,0x0000000786e00000,0x0000000787580000)
 ParOldGen       total 130048K, used 24996K [0x0000000702a00000, 0x000000070a900000, 0x0000000780e00000)
  object space 130048K, 19% used [0x0000000702a00000,0x00000007042691a8,0x000000070a900000)
 Metaspace       used 20662K, capacity 21120K, committed 21296K, reserved 1069056K
  class space    used 2472K, capacity 2586K, committed 2688K, reserved 1048576K
}
Event: 8.799 GC heap before
{Heap before GC invocations=7 (full 1):
 PSYoungGen      total 105984K, used 7656K [0x0000000780e00000, 0x0000000787d00000, 0x00000007c0000000)
  eden space 98304K, 0% used [0x0000000780e00000,0x0000000780e00000,0x0000000786e00000)
  from space 7680K, 99% used [0x0000000787580000,0x0000000787cfa020,0x0000000787d00000)
  to   space 7680K, 0% used [0x0000000786e00000,0x0000000786e00000,0x0000000787580000)
 ParOldGen       total 130048K, used 24996K [0x0000000702a00000, 0x000000070a900000, 0x0000000780e00000)
  object space 130048K, 19% used [0x0000000702a00000,0x00000007042691a8,0x000000070a900000)
 Metaspace       used 20662K, capacity 21120K, committed 21296K, reserved 1069056K
  class space    used 2472K, capacity 2586K, committed 2688K, reserved 1048576K
Event: 9.197 GC heap after
Heap after GC invocations=7 (full 1):
 PSYoungGen      total 105984K, used 0K [0x0000000780e00000, 0x0000000787d00000, 0x00000007c0000000)
  eden space 98304K, 0% used [0x0000000780e00000,0x0000000780e00000,0x0000000786e00000)
  from space 7680K, 0% used [0x0000000787580000,0x0000000787580000,0x0000000787d00000)
  to   space 7680K, 0% used [0x0000000786e00000,0x0000000786e00000,0x0000000787580000)
 ParOldGen       total 116736K, used 27958K [0x0000000702a00000, 0x0000000709c00000, 0x0000000780e00000)
  object space 116736K, 23% used [0x0000000702a00000,0x000000070454d9b8,0x0000000709c00000)
 Metaspace       used 20662K, capacity 21120K, committed 21296K, reserved 1069056K
  class space    used 2472K, capacity 2586K, committed 2688K, reserved 1048576K
}
Event: 11.029 GC heap before
{Heap before GC invocations=8 (full 1):
 PSYoungGen      total 105984K, used 98304K [0x0000000780e00000, 0x0000000787d00000, 0x00000007c0000000)
  eden space 98304K, 100% used [0x0000000780e00000,0x0000000786e00000,0x0000000786e00000)
  from space 7680K, 0% used [0x0000000787580000,0x0000000787580000,0x0000000787d00000)
  to   space 7680K, 0% used [0x0000000786e00000,0x0000000786e00000,0x0000000787580000)
 ParOldGen       total 116736K, used 27958K [0x0000000702a00000, 0x0000000709c00000, 0x0000000780e00000)
  object space 116736K, 23% used [0x0000000702a00000,0x000000070454d9b8,0x0000000709c00000)
 Metaspace       used 23324K, capacity 23882K, committed 24192K, reserved 1071104K
  class space    used 2756K, capacity 2887K, committed 2944K, reserved 1048576K
Event: 11.062 GC heap after
Heap after GC invocations=8 (full 1):
 PSYoungGen      total 105984K, used 7658K [0x0000000780e00000, 0x000000078bb00000, 0x00000007c0000000)
  eden space 98304K, 0% used [0x0000000780e00000,0x0000000780e00000,0x0000000786e00000)
  from space 7680K, 99% used [0x0000000786e00000,0x000000078757a8a0,0x0000000787580000)
  to   space 21504K, 0% used [0x000000078a600000,0x000000078a600000,0x000000078bb00000)
 ParOldGen       total 116736K, used 41408K [0x0000000702a00000, 0x0000000709c00000, 0x0000000780e00000)
  object space 116736K, 35% used [0x0000000702a00000,0x0000000705270288,0x0000000709c00000)
 Metaspace       used 23324K, capacity 23882K, committed 24192K, reserved 1071104K
  class space    used 2756K, capacity 2887K, committed 2944K, reserved 1048576K
}

Deoptimization events (10 events):
Event: 10.719 Thread 0x000000000274e000 Uncommon trap: reason=bimorphic action=maybe_recompile pc=0x000000000365c6b8 method=java.util.regex.Pattern$5.isSatisfiedBy(I)Z @ 5
Event: 10.719 Thread 0x000000000274e000 Uncommon trap: reason=bimorphic action=maybe_recompile pc=0x000000000365c6b8 method=java.util.regex.Pattern$5.isSatisfiedBy(I)Z @ 5
Event: 10.720 Thread 0x000000000274e000 Uncommon trap: reason=bimorphic action=maybe_recompile pc=0x000000000365c6b8 method=java.util.regex.Pattern$5.isSatisfiedBy(I)Z @ 5
Event: 10.757 Thread 0x000000000274e000 Uncommon trap: reason=unstable_if action=reinterpret pc=0x000000000351dbb8 method=java.util.HashMap.hash(Ljava/lang/Object;)I @ 1
Event: 10.765 Thread 0x000000000274e000 Uncommon trap: reason=unstable_if action=reinterpret pc=0x00000000034e86a8 method=java.util.HashMap.hash(Ljava/lang/Object;)I @ 1
Event: 10.806 Thread 0x000000000274e000 Uncommon trap: reason=unstable_if action=reinterpret pc=0x0000000003591c90 method=java.lang.Integer.valueOf(I)Ljava/lang/Integer; @ 3
Event: 10.854 Thread 0x000000000274e000 Uncommon trap: reason=unstable_if action=reinterpret pc=0x00000000034661dc method=java.lang.reflect.Field.get(Ljava/lang/Object;)Ljava/lang/Object; @ 4
Event: 11.105 Thread 0x000000000274e000 Uncommon trap: reason=unstable_if action=reinterpret pc=0x0000000003971434 method=java.net.URI$Parser.scan(IILjava/lang/String;Ljava/lang/String;)I @ 23
Event: 11.145 Thread 0x000000000274e000 Uncommon trap: reason=unstable_if action=reinterpret pc=0x0000000003b4f6b8 method=com.sun.tools.javac.util.SharedNameTable.fromUtf([BII)Lcom/sun/tools/javac/util/Name; @ 55
Event: 11.208 Thread 0x000000000274e000 Uncommon trap: reason=unstable_if action=reinterpret pc=0x000000000396ced4 method=com.sun.tools.javac.util.SharedNameTable.fromUtf([BII)Lcom/sun/tools/javac/util/Name; @ 55

Internal exceptions (10 events):
Event: 3.635 Thread 0x000000000274e000 Implicit null exception at 0x000000000360e643 to 0x000000000360e88d
Event: 3.665 Thread 0x000000000274e000 Implicit null exception at 0x000000000320b215 to 0x000000000320b415
Event: 4.252 Thread 0x000000000274e000 Implicit null exception at 0x00000000036fd26c to 0x0000000003700c79
Event: 5.064 Thread 0x000000000274e000 Implicit null exception at 0x000000000384c3d3 to 0x000000000384e9c9
Event: 8.367 Thread 0x000000000274e000 Implicit null exception at 0x0000000003606b07 to 0x0000000003607d75
Event: 8.428 Thread 0x000000000274e000 Exception <a 'java/lang/ClassNotFoundException': com/sun/tools/javac/api/JavacTool> (0x0000000783f4c410) thrown at [C:\re\workspace\8-2-build-windows-amd64-cygwin\jdk8u141\9370\hotspot\src\share\vm\classfile\systemDictionary.cpp, line 210]
Event: 9.728 Thread 0x000000000274e000 Exception <a 'java/io/FileNotFoundException'> (0x00000007820e9cf8) thrown at [C:\re\workspace\8-2-build-windows-amd64-cygwin\jdk8u141\9370\hotspot\src\share\vm\prims\jni.cpp, line 709]
Event: 9.731 Thread 0x000000000274e000 Exception <a 'java/io/FileNotFoundException'> (0x000000078211e608) thrown at [C:\re\workspace\8-2-build-windows-amd64-cygwin\jdk8u141\9370\hotspot\src\share\vm\prims\jni.cpp, line 709]
Event: 10.757 Thread 0x000000000274e000 Implicit null exception at 0x000000000351d773 to 0x000000000351dba1
Event: 10.765 Thread 0x000000000274e000 Implicit null exception at 0x00000000034e8495 to 0x00000000034e8699

Events (10 events):
Event: 11.093 loading class com/sun/tools/javac/processing/JavacProcessingEnvironment$2 done
Event: 11.105 Thread 0x000000000274e000 Uncommon trap: trap_request=0xffffff65 fr.pc=0x0000000003971434
Event: 11.105 Thread 0x000000000274e000 DEOPT PACKING pc=0x0000000003971434 sp=0x000000000284d0e0
Event: 11.105 Thread 0x000000000274e000 DEOPT UNPACKING pc=0x0000000002ea582a sp=0x000000000284d070 mode 2
Event: 11.145 Thread 0x000000000274e000 Uncommon trap: trap_request=0xffffff65 fr.pc=0x0000000003b4f6b8
Event: 11.145 Thread 0x000000000274e000 DEOPT PACKING pc=0x0000000003b4f6b8 sp=0x000000000284be80
Event: 11.145 Thread 0x000000000274e000 DEOPT UNPACKING pc=0x0000000002ea582a sp=0x000000000284be68 mode 2
Event: 11.208 Thread 0x000000000274e000 Uncommon trap: trap_request=0xffffff65 fr.pc=0x000000000396ced4
Event: 11.208 Thread 0x000000000274e000 DEOPT PACKING pc=0x000000000396ced4 sp=0x000000000284bed0
Event: 11.208 Thread 0x000000000274e000 DEOPT UNPACKING pc=0x0000000002ea582a sp=0x000000000284bde8 mode 2


Dynamic libraries:
0x00007ff60af00000 - 0x00007ff60af37000 	E:\Java\jdk1.8\bin\java.exe
0x00007ffa13b80000 - 0x00007ffa13d70000 	C:\WINDOWS\SYSTEM32\ntdll.dll
0x00007ffa11e30000 - 0x00007ffa11ee2000 	C:\WINDOWS\System32\KERNEL32.DLL
0x00007ffa11800000 - 0x00007ffa11aa5000 	C:\WINDOWS\System32\KERNELBASE.dll
0x00007ffa11ef0000 - 0x00007ffa11f93000 	C:\WINDOWS\System32\ADVAPI32.dll
0x00007ffa133d0000 - 0x00007ffa1346e000 	C:\WINDOWS\System32\msvcrt.dll
0x00007ffa13470000 - 0x00007ffa13507000 	C:\WINDOWS\System32\sechost.dll
0x00007ffa12320000 - 0x00007ffa12440000 	C:\WINDOWS\System32\RPCRT4.dll
0x00007ffa120d0000 - 0x00007ffa12264000 	C:\WINDOWS\System32\USER32.dll
0x00007ffa11b90000 - 0x00007ffa11bb1000 	C:\WINDOWS\System32\win32u.dll
0x00007ffa13390000 - 0x00007ffa133b6000 	C:\WINDOWS\System32\GDI32.dll
0x00007ffa10dc0000 - 0x00007ffa10f56000 	C:\WINDOWS\System32\gdi32full.dll
0x00007ffa11c10000 - 0x00007ffa11cae000 	C:\WINDOWS\System32\msvcp_win.dll
0x00007ffa10cc0000 - 0x00007ffa10dba000 	C:\WINDOWS\System32\ucrtbase.dll
0x00007ff9ff4c0000 - 0x00007ff9ff744000 	C:\WINDOWS\WinSxS\amd64_microsoft.windows.common-controls_6595b64144ccf1df_6.0.18362.1256_none_9e7e379be45e40e2\COMCTL32.dll
0x00007ffa12b90000 - 0x00007ffa12ec6000 	C:\WINDOWS\System32\combase.dll
0x00007ffa11ab0000 - 0x00007ffa11b31000 	C:\WINDOWS\System32\bcryptPrimitives.dll
0x00007ffa11fa0000 - 0x00007ffa11fce000 	C:\WINDOWS\System32\IMM32.DLL
0x0000000059770000 - 0x0000000059842000 	E:\Java\jdk1.8\jre\bin\msvcr100.dll
0x0000000058ed0000 - 0x000000005976d000 	E:\Java\jdk1.8\jre\bin\server\jvm.dll
0x00007ffa12ed0000 - 0x00007ffa12ed8000 	C:\WINDOWS\System32\PSAPI.DLL
0x00007ff9fc120000 - 0x00007ff9fc129000 	C:\WINDOWS\SYSTEM32\WSOCK32.dll
0x00007ffa0de30000 - 0x00007ffa0de54000 	C:\WINDOWS\SYSTEM32\WINMM.dll
0x00007ffa04150000 - 0x00007ffa0415a000 	C:\WINDOWS\SYSTEM32\VERSION.dll
0x00007ffa11fd0000 - 0x00007ffa1203f000 	C:\WINDOWS\System32\WS2_32.dll
0x00007ffa0de00000 - 0x00007ffa0de2d000 	C:\WINDOWS\SYSTEM32\WINMMBASE.dll
0x00007ffa11bc0000 - 0x00007ffa11c0a000 	C:\WINDOWS\System32\cfgmgr32.dll
0x0000000058ec0000 - 0x0000000058ecf000 	E:\Java\jdk1.8\jre\bin\verify.dll
0x0000000058e90000 - 0x0000000058eb9000 	E:\Java\jdk1.8\jre\bin\java.dll
0x0000000058b80000 - 0x0000000058ba3000 	E:\Java\jdk1.8\jre\bin\instrument.dll
0x0000000058e70000 - 0x0000000058e86000 	E:\Java\jdk1.8\jre\bin\zip.dll
0x00007ffa124a0000 - 0x00007ffa12b87000 	C:\WINDOWS\System32\SHELL32.dll
0x00007ffa12270000 - 0x00007ffa12319000 	C:\WINDOWS\System32\shcore.dll
0x00007ffa11070000 - 0x00007ffa117f1000 	C:\WINDOWS\System32\windows.storage.dll
0x00007ffa10ab0000 - 0x00007ffa10ad3000 	C:\WINDOWS\System32\profapi.dll
0x00007ffa10b20000 - 0x00007ffa10b6a000 	C:\WINDOWS\System32\powrprof.dll
0x00007ffa10aa0000 - 0x00007ffa10ab0000 	C:\WINDOWS\System32\UMPDC.dll
0x00007ffa12440000 - 0x00007ffa12492000 	C:\WINDOWS\System32\shlwapi.dll
0x00007ffa10ae0000 - 0x00007ffa10af1000 	C:\WINDOWS\System32\kernel.appcore.dll
0x00007ffa11b40000 - 0x00007ffa11b57000 	C:\WINDOWS\System32\cryptsp.dll
0x00007ffa0ec00000 - 0x00007ffa0ec1a000 	E:\Program Files\ideaIU-2017.2.win\bin\breakgen64.dll
0x0000000058e00000 - 0x0000000058e1a000 	E:\Java\jdk1.8\jre\bin\net.dll
0x00007ffa10290000 - 0x00007ffa102f7000 	C:\WINDOWS\system32\mswsock.dll
0x00007ffa0ebf0000 - 0x00007ffa0ebfa000 	E:\Java\maven\apache-maven-3.5.0\lib\jansi-native\windows64\jansi.dll
0x0000000058de0000 - 0x0000000058df1000 	E:\Java\jdk1.8\jre\bin\nio.dll

VM Arguments:
jvm_args: -Dmaven.multiModuleProjectDirectory=F:\Project\gmall\gmall-payment -Dmaven.home=E:\Java\maven\apache-maven-3.5.0 -Dclassworlds.conf=E:\Java\maven\apache-maven-3.5.0\bin\m2.conf -javaagent:E:\Program Files\ideaIU-2017.2.win\lib\idea_rt.jar=52145:E:\Program Files\ideaIU-2017.2.win\bin -Dfile.encoding=UTF-8 
java_command: org.codehaus.classworlds.Launcher -Didea.version=2017.2 -s E:\Java\maven\apache-maven-3.5.0\conf\settings.xml -Dmaven.repo.local=E:/repository install
java_class_path (initial): E:\Java\maven\apache-maven-3.5.0\boot\plexus-classworlds-2.5.2.jar;E:\Program Files\ideaIU-2017.2.win\lib\idea_rt.jar
Launcher Type: SUN_STANDARD

Environment Variables:
JAVA_HOME=E:\Java\jdk1.8
PATH=E:\Java\jdk1.8\bin;E:\Java\maven\apache-maven-3.5.0\bin;E:\Program Files\mysql\MySQL Server 5.5_Server\bin;C:\WINDOWS\system32;C:\WINDOWS;C:\WINDOWS\System32\Wbem;C:\WINDOWS\System32\WindowsPowerShell\v1.0\;C:\WINDOWS\System32\OpenSSH\;E:\Program Files (x86)\Rational\common;E:\DevInstall\Subversion\bin;E:\TortoiseInstall\TortoiseSVN\bin;E:\Program Files\Microsoft VS Code\bin;E:\Program Files\nodejs\;C:\Users\123\AppData\Local\Programs\Python\Python38\Scripts\;C:\Users\123\AppData\Local\Programs\Python\Python38\;E:\Bandizip\;C:\Users\123\AppData\Local\Microsoft\WindowsApps;C:\Users\123\AppData\Roaming\npm
USERNAME=123
OS=Windows_NT
PROCESSOR_IDENTIFIER=Intel64 Family 6 Model 78 Stepping 3, GenuineIntel



---------------  S Y S T E M  ---------------

OS: Windows 10.0 , 64 bit Build 18362 (10.0.18362.1110)

CPU:total 4 (initial active 4) (2 cores per cpu, 2 threads per core) family 6 model 78 stepping 3, cmov, cx8, fxsr, mmx, sse, sse2, sse3, ssse3, sse4.1, sse4.2, popcnt, avx, avx2, aes, clmul, erms, 3dnowpref, lzcnt, ht, tsc, tscinvbit, bmi1, bmi2, adx

Memory: 4k page, physical 12403660k(3820640k free), swap 18887176k(4612k free)

vm_info: Java HotSpot(TM) 64-Bit Server VM (25.141-b15) for windows-amd64 JRE (1.8.0_141-b15), built on Jul 12 2017 04:25:12 by "java_re" with MS VC++ 10.0 (VS2010)

time: Sat Dec 19 21:51:03 2020
elapsed time: 11 seconds (0d 0h 0m 11s)

